[
  {
    "keyword": "kayakalp psoriasis treatment cost",
    "monthly_search": "260",
    "competition": "LOW",
    "low_bid": "21.3",
    "high_bid": "72.48",
    "clicks": "108",
    "ctr": "0.16",
    "impressions": "693",
    "position": "1.23"
  },
  {
    "keyword": "सफेद दाग में क्या नहीं खाना चाहिए",
    "monthly_search": "320",
    "competition": "UNKNOWN",
    "low_bid": "0",
    "high_bid": "0",
    "clicks": "64",
    "ctr": "0.12",
    "impressions": "521",
    "position": "1.12"
  },
  {
    "keyword": "muh ke andar safed daag kaise hataye",
    "monthly_search": "320",
    "competition": "UNKNOWN",
    "low_bid": "0",
    "high_bid": "0",
    "clicks": "49",
    "ctr": "0.03",
    "impressions": "1653",
    "position": "1.13"
  },
  {
    "keyword": "kayakalp global address",
    "monthly_search": "480",
    "competition": "UNKNOWN",
    "low_bid": "16.41",
    "high_bid": "41.47",
    "clicks": "54",
    "ctr": "0.06",
    "impressions": "970",
    "position": "3"
  },
  {
    "keyword": "गाल के अंदर सफेद दाग का इलाज",
    "monthly_search": "590",
    "competition": "UNKNOWN",
    "low_bid": "0",
    "high_bid": "0",
    "clicks": "100",
    "ctr": "0.05",
    "impressions": "1830",
    "position": "1.32"
  },
  {
    "keyword": "kayakalp global medicine price",
    "monthly_search": "590",
    "competition": "LOW",
    "low_bid": "20.95",
    "high_bid": "49.57",
    "clicks": "65",
    "ctr": "0.12",
    "impressions": "529",
    "position": "1.6"
  }
]



